TN:
SF:src/modules/cities/services/CreateCityService.ts
FN:15,(anonymous_17)
FN:16,CreateCityService
FN:21,(anonymous_19)
FNF:3
FNH:3
FNDA:1,(anonymous_17)
FNDA:2,CreateCityService
FNDA:3,(anonymous_19)
DA:1,1
DA:3,1
DA:15,1
DA:18,2
DA:21,1
DA:22,3
DA:23,3
DA:25,3
DA:26,3
DA:28,3
DA:29,1
DA:32,2
DA:37,2
DA:39,1
DA:41,1
LF:15
LH:15
BRDA:25,0,0,3
BRDA:26,1,0,1
BRDA:26,1,1,2
BRDA:28,2,0,1
BRDA:28,2,1,2
BRF:5
BRH:5
end_of_record
TN:
SF:src/modules/cities/services/DeleteCityService.ts
FN:8,(anonymous_17)
FN:9,CreateCityService
FN:14,(anonymous_19)
FNF:3
FNH:3
FNDA:1,(anonymous_17)
FNDA:2,CreateCityService
FNDA:2,(anonymous_19)
DA:1,1
DA:3,1
DA:8,1
DA:11,2
DA:14,1
DA:15,2
DA:17,2
DA:18,1
DA:21,2
DA:23,1
DA:25,1
LF:11
LH:11
BRDA:15,0,0,2
BRDA:17,1,0,1
BRDA:17,1,1,1
BRF:3
BRH:3
end_of_record
TN:
SF:src/modules/cities/services/ListCityService.ts
FN:14,(anonymous_16)
FN:15,ListCityService
FN:20,(anonymous_18)
FNF:3
FNH:3
FNDA:1,(anonymous_16)
FNDA:1,ListCityService
FNDA:1,(anonymous_18)
DA:1,1
DA:14,1
DA:17,1
DA:20,1
DA:21,1
DA:23,1
DA:25,1
DA:27,1
LF:8
LH:8
BRDA:21,0,0,1
BRF:1
BRH:1
end_of_record
TN:
SF:src/modules/cities/services/UpdateCityService.ts
FN:16,(anonymous_17)
FN:17,UpdateCityService
FN:22,(anonymous_19)
FNF:3
FNH:3
FNDA:1,(anonymous_17)
FNDA:3,UpdateCityService
FNDA:3,(anonymous_19)
DA:1,1
DA:3,1
DA:16,1
DA:19,3
DA:22,1
DA:23,3
DA:24,3
DA:25,3
DA:27,3
DA:29,3
DA:30,1
DA:33,2
DA:37,2
DA:39,2
DA:40,1
DA:43,1
DA:45,2
DA:47,1
DA:49,1
DA:51,1
LF:20
LH:20
BRDA:27,0,0,3
BRDA:29,1,0,1
BRDA:29,1,1,2
BRDA:37,2,0,1
BRDA:37,2,1,1
BRDA:39,3,0,1
BRDA:39,3,1,1
BRDA:39,4,0,2
BRDA:39,4,1,1
BRF:9
BRH:9
end_of_record
TN:
SF:src/modules/states/services/CreateStateService.ts
FN:14,(anonymous_17)
FN:15,CreateStateService
FN:20,(anonymous_19)
FNF:3
FNH:3
FNDA:1,(anonymous_17)
FNDA:3,CreateStateService
FNDA:5,(anonymous_19)
DA:1,1
DA:3,1
DA:14,1
DA:17,3
DA:20,1
DA:21,5
DA:22,5
DA:24,5
DA:25,5
DA:27,5
DA:28,1
DA:31,4
DA:32,4
DA:34,4
DA:35,1
DA:38,3
DA:43,3
DA:45,1
DA:47,1
LF:19
LH:19
BRDA:24,0,0,5
BRDA:25,1,0,1
BRDA:25,1,1,4
BRDA:27,2,0,1
BRDA:27,2,1,4
BRDA:32,3,0,1
BRDA:32,3,1,3
BRDA:34,4,0,1
BRDA:34,4,1,3
BRF:9
BRH:9
end_of_record
TN:
SF:src/modules/states/services/DeleteStateService.ts
FN:8,(anonymous_17)
FN:9,CreateStateService
FN:14,(anonymous_19)
FNF:3
FNH:3
FNDA:1,(anonymous_17)
FNDA:2,CreateStateService
FNDA:2,(anonymous_19)
DA:1,1
DA:3,1
DA:8,1
DA:11,2
DA:14,1
DA:15,2
DA:17,2
DA:18,1
DA:21,2
DA:23,1
DA:25,1
LF:11
LH:11
BRDA:15,0,0,2
BRDA:17,1,0,1
BRDA:17,1,1,1
BRF:3
BRH:3
end_of_record
TN:
SF:src/modules/states/services/ListStateService.ts
FN:13,(anonymous_16)
FN:14,ListStateService
FN:19,(anonymous_18)
FNF:3
FNH:3
FNDA:1,(anonymous_16)
FNDA:1,ListStateService
FNDA:1,(anonymous_18)
DA:1,1
DA:13,1
DA:16,1
DA:19,1
DA:20,1
DA:22,1
DA:24,1
DA:26,1
LF:8
LH:8
BRDA:20,0,0,1
BRF:1
BRH:1
end_of_record
TN:
SF:src/modules/states/services/UpdateStateService.ts
FN:16,(anonymous_17)
FN:17,UpdateStateService
FN:22,(anonymous_19)
FNF:3
FNH:3
FNDA:1,(anonymous_17)
FNDA:3,UpdateStateService
FNDA:4,(anonymous_19)
DA:1,1
DA:3,1
DA:16,1
DA:19,3
DA:22,1
DA:23,4
DA:24,4
DA:25,4
DA:27,4
DA:29,4
DA:30,1
DA:33,3
DA:37,3
DA:39,3
DA:40,1
DA:43,2
DA:47,2
DA:49,2
DA:53,1
DA:56,1
DA:58,2
DA:60,1
DA:62,1
DA:64,1
LF:24
LH:24
BRDA:27,0,0,4
BRDA:29,1,0,1
BRDA:29,1,1,3
BRDA:37,2,0,2
BRDA:37,2,1,1
BRDA:39,3,0,1
BRDA:39,3,1,2
BRDA:39,4,0,3
BRDA:39,4,1,2
BRDA:47,5,0,1
BRDA:47,5,1,1
BRDA:49,6,0,1
BRDA:49,6,1,1
BRDA:50,7,0,2
BRDA:50,7,1,1
BRF:15
BRH:15
end_of_record
